  [1m[36m (1.3ms)[0m  [1mCREATE TABLE "schema_migrations" ("version" varchar NOT NULL) [0m
  [1m[35m (0.1ms)[0m  select sqlite_version(*)
  [1m[36m (1.2ms)[0m  [1mCREATE UNIQUE INDEX "unique_schema_migrations" ON "schema_migrations" ("version")[0m
  [1m[35mActiveRecord::SchemaMigration Load (0.1ms)[0m  SELECT "schema_migrations".* FROM "schema_migrations"
Migrating to CreatePatients (20150803193827)
  [1m[36m (0.1ms)[0m  [1mbegin transaction[0m
  [1m[35m (0.4ms)[0m  CREATE TABLE "patients" ("id" INTEGER PRIMARY KEY AUTOINCREMENT NOT NULL, "first_name" varchar, "last_name" varchar, "email" varchar, "password_digest" varchar, "phone_number" varchar) 
  [1m[36mSQL (0.2ms)[0m  [1mINSERT INTO "schema_migrations" ("version") VALUES (?)[0m  [["version", "20150803193827"]]
  [1m[35m (1.3ms)[0m  commit transaction
Migrating to CreatePrescriptions (20150803194221)
  [1m[36m (0.1ms)[0m  [1mbegin transaction[0m
  [1m[35m (0.3ms)[0m  CREATE TABLE "prescriptions" ("id" INTEGER PRIMARY KEY AUTOINCREMENT NOT NULL, "patient_id" integer, "medication_id" integer, "dose" varchar, "recurrence" text, "start" datetime, "end" datetime) 
  [1m[36mSQL (0.2ms)[0m  [1mINSERT INTO "schema_migrations" ("version") VALUES (?)[0m  [["version", "20150803194221"]]
  [1m[35m (1.5ms)[0m  commit transaction
Migrating to CreateScheduledDoses (20150803194933)
  [1m[36m (0.1ms)[0m  [1mbegin transaction[0m
  [1m[35m (0.4ms)[0m  CREATE TABLE "scheduled_doses" ("id" INTEGER PRIMARY KEY AUTOINCREMENT NOT NULL, "prescription_id" integer, "scheduled_time" datetime, "taken_time" datetime, "side_effect" text, "was_taken" boolean) 
  [1m[36mSQL (0.1ms)[0m  [1mINSERT INTO "schema_migrations" ("version") VALUES (?)[0m  [["version", "20150803194933"]]
  [1m[35m (1.8ms)[0m  commit transaction
Migrating to CreateDoctors (20150803195310)
  [1m[36m (0.1ms)[0m  [1mbegin transaction[0m
  [1m[35m (0.4ms)[0m  CREATE TABLE "doctors" ("id" INTEGER PRIMARY KEY AUTOINCREMENT NOT NULL, "first_name" varchar, "last_name" varchar, "email" varchar, "password_digest" varchar, "phone_number" varchar) 
  [1m[36mSQL (0.1ms)[0m  [1mINSERT INTO "schema_migrations" ("version") VALUES (?)[0m  [["version", "20150803195310"]]
  [1m[35m (2.2ms)[0m  commit transaction
Migrating to CreateDoctorPatients (20150803195412)
  [1m[36m (0.1ms)[0m  [1mbegin transaction[0m
  [1m[35m (0.3ms)[0m  CREATE TABLE "doctor_patients" ("id" INTEGER PRIMARY KEY AUTOINCREMENT NOT NULL, "doctor_id" integer, "patient_id" integer) 
  [1m[36mSQL (0.1ms)[0m  [1mINSERT INTO "schema_migrations" ("version") VALUES (?)[0m  [["version", "20150803195412"]]
  [1m[35m (1.4ms)[0m  commit transaction
  [1m[36mActiveRecord::SchemaMigration Load (0.1ms)[0m  [1mSELECT "schema_migrations".* FROM "schema_migrations"[0m
  [1m[36m (1.4ms)[0m  [1mCREATE TABLE "schema_migrations" ("version" varchar NOT NULL) [0m
  [1m[35m (0.2ms)[0m  select sqlite_version(*)
  [1m[36m (1.3ms)[0m  [1mCREATE UNIQUE INDEX "unique_schema_migrations" ON "schema_migrations" ("version")[0m
  [1m[35mActiveRecord::SchemaMigration Load (0.1ms)[0m  SELECT "schema_migrations".* FROM "schema_migrations"
Migrating to CreatePatients (20150803193827)
  [1m[36m (0.1ms)[0m  [1mbegin transaction[0m
  [1m[35m (0.4ms)[0m  CREATE TABLE "patients" ("id" INTEGER PRIMARY KEY AUTOINCREMENT NOT NULL, "first_name" varchar, "last_name" varchar, "email" varchar, "password_digest" varchar, "phone_number" varchar) 
  [1m[36mSQL (0.3ms)[0m  [1mINSERT INTO "schema_migrations" ("version") VALUES (?)[0m  [["version", "20150803193827"]]
  [1m[35m (1.0ms)[0m  commit transaction
Migrating to CreatePrescriptions (20150803194221)
  [1m[36m (0.1ms)[0m  [1mbegin transaction[0m
  [1m[35m (0.5ms)[0m  CREATE TABLE "prescriptions" ("id" INTEGER PRIMARY KEY AUTOINCREMENT NOT NULL, "patient_id" integer, "medication_id" integer, "dose" varchar, "recurrence" text, "start" datetime, "end" datetime) 
  [1m[36mSQL (0.1ms)[0m  [1mINSERT INTO "schema_migrations" ("version") VALUES (?)[0m  [["version", "20150803194221"]]
  [1m[35m (1.0ms)[0m  commit transaction
Migrating to CreateScheduledDoses (20150803194933)
  [1m[36m (0.1ms)[0m  [1mbegin transaction[0m
  [1m[35m (0.5ms)[0m  CREATE TABLE "scheduled_doses" ("id" INTEGER PRIMARY KEY AUTOINCREMENT NOT NULL, "prescription_id" integer, "scheduled_time" datetime, "taken_time" datetime, "side_effect" text, "was_taken" boolean) 
  [1m[36mSQL (0.2ms)[0m  [1mINSERT INTO "schema_migrations" ("version") VALUES (?)[0m  [["version", "20150803194933"]]
  [1m[35m (1.1ms)[0m  commit transaction
Migrating to CreateDoctors (20150803195310)
  [1m[36m (0.1ms)[0m  [1mbegin transaction[0m
  [1m[35m (0.6ms)[0m  CREATE TABLE "doctors" ("id" INTEGER PRIMARY KEY AUTOINCREMENT NOT NULL, "first_name" varchar, "last_name" varchar, "email" varchar, "password_digest" varchar, "phone_number" varchar) 
  [1m[36mSQL (0.1ms)[0m  [1mINSERT INTO "schema_migrations" ("version") VALUES (?)[0m  [["version", "20150803195310"]]
  [1m[35m (0.9ms)[0m  commit transaction
Migrating to CreateDoctorPatients (20150803195412)
  [1m[36m (0.1ms)[0m  [1mbegin transaction[0m
  [1m[35m (0.4ms)[0m  CREATE TABLE "doctor_patients" ("id" INTEGER PRIMARY KEY AUTOINCREMENT NOT NULL, "doctor_id" integer, "patient_id" integer) 
  [1m[36mSQL (0.1ms)[0m  [1mINSERT INTO "schema_migrations" ("version") VALUES (?)[0m  [["version", "20150803195412"]]
  [1m[35m (0.9ms)[0m  commit transaction
  [1m[36mActiveRecord::SchemaMigration Load (0.3ms)[0m  [1mSELECT "schema_migrations".* FROM "schema_migrations"[0m
